Determining if the pthread_create exist failed with the following output:
Change Dir: /home/robotics/catkin_ws/build/CMakeFiles/CMakeTmp

Run Build Command:"/usr/bin/make" "cmTC_95a63/fast"
/usr/bin/make -f CMakeFiles/cmTC_95a63.dir/build.make CMakeFiles/cmTC_95a63.dir/build
make[1]: Entering directory '/home/robotics/catkin_ws/build/CMakeFiles/CMakeTmp'
Building C object CMakeFiles/cmTC_95a63.dir/CheckSymbolExists.c.o
/usr/bin/cc    -o CMakeFiles/cmTC_95a63.dir/CheckSymbolExists.c.o   -c /home/robotics/catkin_ws/build/CMakeFiles/CMakeTmp/CheckSymbolExists.c
Linking C executable cmTC_95a63
/usr/bin/cmake -E cmake_link_script CMakeFiles/cmTC_95a63.dir/link.txt --verbose=1
/usr/bin/cc      -rdynamic CMakeFiles/cmTC_95a63.dir/CheckSymbolExists.c.o  -o cmTC_95a63 
CMakeFiles/cmTC_95a63.dir/CheckSymbolExists.c.o: In function `main':
CheckSymbolExists.c:(.text+0x1b): undefined reference to `pthread_create'
collect2: error: ld returned 1 exit status
CMakeFiles/cmTC_95a63.dir/build.make:97: recipe for target 'cmTC_95a63' failed
make[1]: *** [cmTC_95a63] Error 1
make[1]: Leaving directory '/home/robotics/catkin_ws/build/CMakeFiles/CMakeTmp'
Makefile:126: recipe for target 'cmTC_95a63/fast' failed
make: *** [cmTC_95a63/fast] Error 2

File /home/robotics/catkin_ws/build/CMakeFiles/CMakeTmp/CheckSymbolExists.c:
/* */
#include <pthread.h>

int main(int argc, char** argv)
{
  (void)argv;
#ifndef pthread_create
  return ((int*)(&pthread_create))[argc];
#else
  (void)argc;
  return 0;
#endif
}

Determining if the function pthread_create exists in the pthreads failed with the following output:
Change Dir: /home/robotics/catkin_ws/build/CMakeFiles/CMakeTmp

Run Build Command:"/usr/bin/make" "cmTC_d2d65/fast"
/usr/bin/make -f CMakeFiles/cmTC_d2d65.dir/build.make CMakeFiles/cmTC_d2d65.dir/build
make[1]: Entering directory '/home/robotics/catkin_ws/build/CMakeFiles/CMakeTmp'
Building C object CMakeFiles/cmTC_d2d65.dir/CheckFunctionExists.c.o
/usr/bin/cc   -DCHECK_FUNCTION_EXISTS=pthread_create   -o CMakeFiles/cmTC_d2d65.dir/CheckFunctionExists.c.o   -c /usr/share/cmake-3.10/Modules/CheckFunctionExists.c
Linking C executable cmTC_d2d65
/usr/bin/cmake -E cmake_link_script CMakeFiles/cmTC_d2d65.dir/link.txt --verbose=1
/usr/bin/cc  -DCHECK_FUNCTION_EXISTS=pthread_create    -rdynamic CMakeFiles/cmTC_d2d65.dir/CheckFunctionExists.c.o  -o cmTC_d2d65 -lpthreads 
/usr/bin/ld: cannot find -lpthreads
collect2: error: ld returned 1 exit status
CMakeFiles/cmTC_d2d65.dir/build.make:97: recipe for target 'cmTC_d2d65' failed
make[1]: *** [cmTC_d2d65] Error 1
make[1]: Leaving directory '/home/robotics/catkin_ws/build/CMakeFiles/CMakeTmp'
Makefile:126: recipe for target 'cmTC_d2d65/fast' failed
make: *** [cmTC_d2d65/fast] Error 2


